app/build/intermediates/manifest_merge_blame_file/debug/manifest-merger-blame-debug-report.txt
1<?xml version="1.0" encoding="utf-8"?>
2<manifest xmlns:android="http://schemas.android.com/apk/res/android"
3    package="com.kanad.health"
4    android:versionCode="1"
5    android:versionName="1.0" >
6
7    <uses-sdk
8        android:minSdkVersion="26"
8-->src\main\AndroidManifest.xml
9        android:targetSdkVersion="31" />
9-->src\main\AndroidManifest.xml
10
11    <uses-permission android:name="android.permission.INTERNET" />
11-->src\main\AndroidManifest.xml:6:5-67
11-->src\main\AndroidManifest.xml:6:22-64
12    <uses-permission android:name="android.permission.READ_EXTERNAL_STORAGE" />
12-->src\main\AndroidManifest.xml:7:5-80
12-->src\main\AndroidManifest.xml:7:22-77
13    <uses-permission android:name="android.permission.VIBRATE" />
13-->src\main\AndroidManifest.xml:8:5-66
13-->src\main\AndroidManifest.xml:8:22-63
14    <uses-permission android:name="android.permission.WRITE_EXTERNAL_STORAGE" />
14-->src\main\AndroidManifest.xml:9:5-81
14-->src\main\AndroidManifest.xml:9:22-78
15    <uses-permission android:name="android.permission.WRITE_CALENDAR" />
15-->src\main\AndroidManifest.xml:10:5-73
15-->src\main\AndroidManifest.xml:10:22-70
16    <uses-permission android:name="android.permission.ACCESS_COARSE_LOCATION" />
16-->src\main\AndroidManifest.xml:11:5-81
16-->src\main\AndroidManifest.xml:11:22-78
17    <uses-permission android:name="android.permission.ACCESS_FINE_LOCATION" />
17-->src\main\AndroidManifest.xml:12:5-79
17-->src\main\AndroidManifest.xml:12:22-76
18    <uses-permission android:name="android.permission.READ_CALENDAR" />
18-->src\main\AndroidManifest.xml:13:5-72
18-->src\main\AndroidManifest.xml:13:22-69
19    <uses-permission android:name="android.permission.CAMERA" />
19-->src\main\AndroidManifest.xml:14:5-65
19-->src\main\AndroidManifest.xml:14:22-62
20    <uses-permission android:name="android.permission.READ_PHONE_STATE" />
20-->src\main\AndroidManifest.xml:15:5-75
20-->src\main\AndroidManifest.xml:15:22-72
21    <uses-permission android:name="android.permission.ACCESS_BACKGROUND_LOCATION" />
21-->src\main\AndroidManifest.xml:16:5-85
21-->src\main\AndroidManifest.xml:16:22-82
22    <uses-permission android:name="android.permission.ACTIVITY_RECOGNITION" />
22-->src\main\AndroidManifest.xml:17:5-79
22-->src\main\AndroidManifest.xml:17:22-76
23    <uses-permission android:name="android.permission.ACCESS_FINE_LOCATION" />
23-->src\main\AndroidManifest.xml:12:5-79
23-->src\main\AndroidManifest.xml:12:22-76
24    <uses-permission android:name="android.permission.BODY_SENSORS" />
24-->src\main\AndroidManifest.xml:19:5-71
24-->src\main\AndroidManifest.xml:19:22-68
25    <uses-permission android:name="android.permission.ACCESS_NETWORK_STATE" />
25-->[com.pierfrancescosoffritti.androidyoutubeplayer:core:11.0.1] AndroidManifest.xml:10:5-79
25-->[com.pierfrancescosoffritti.androidyoutubeplayer:core:11.0.1] AndroidManifest.xml:10:22-76
26    <uses-permission android:name="android.permission.BLUETOOTH" />
26-->[org.jitsi.react:jitsi-meet-sdk:2.11.0] AndroidManifest.xml:10:5-68
26-->[org.jitsi.react:jitsi-meet-sdk:2.11.0] AndroidManifest.xml:10:22-65
27    <uses-permission android:name="android.permission.MANAGE_OWN_CALLS" />
27-->[org.jitsi.react:jitsi-meet-sdk:2.11.0] AndroidManifest.xml:13:5-75
27-->[org.jitsi.react:jitsi-meet-sdk:2.11.0] AndroidManifest.xml:13:22-72
28    <uses-permission android:name="android.permission.MODIFY_AUDIO_SETTINGS" />
28-->[org.jitsi.react:jitsi-meet-sdk:2.11.0] AndroidManifest.xml:14:5-80
28-->[org.jitsi.react:jitsi-meet-sdk:2.11.0] AndroidManifest.xml:14:22-77
29    <uses-permission android:name="android.permission.RECORD_AUDIO" />
29-->[org.jitsi.react:jitsi-meet-sdk:2.11.0] AndroidManifest.xml:15:5-71
29-->[org.jitsi.react:jitsi-meet-sdk:2.11.0] AndroidManifest.xml:15:22-68
30    <uses-permission android:name="android.permission.SYSTEM_ALERT_WINDOW" />
30-->[org.jitsi.react:jitsi-meet-sdk:2.11.0] AndroidManifest.xml:16:5-78
30-->[org.jitsi.react:jitsi-meet-sdk:2.11.0] AndroidManifest.xml:16:22-75
31    <uses-permission android:name="android.permission.WAKE_LOCK" />
31-->[org.jitsi.react:jitsi-meet-sdk:2.11.0] AndroidManifest.xml:17:5-68
31-->[org.jitsi.react:jitsi-meet-sdk:2.11.0] AndroidManifest.xml:17:22-65
32    <uses-permission android:name="android.permission.ACCESS_WIFI_STATE" />
32-->[org.jitsi.react:jitsi-meet-sdk:2.11.0] AndroidManifest.xml:18:5-76
32-->[org.jitsi.react:jitsi-meet-sdk:2.11.0] AndroidManifest.xml:18:22-73
33    <uses-permission android:name="android.permission.FOREGROUND_SERVICE" />
33-->[org.jitsi.react:jitsi-meet-sdk:2.11.0] AndroidManifest.xml:19:5-77
33-->[org.jitsi.react:jitsi-meet-sdk:2.11.0] AndroidManifest.xml:19:22-74
34
35    <uses-feature
35-->[org.jitsi.react:jitsi-meet-sdk:2.11.0] AndroidManifest.xml:21:5-23:35
36        android:glEsVersion="0x00020000"
36-->[org.jitsi.react:jitsi-meet-sdk:2.11.0] AndroidManifest.xml:22:9-41
37        android:required="true" />
37-->[org.jitsi.react:jitsi-meet-sdk:2.11.0] AndroidManifest.xml:23:9-32
38    <uses-feature
38-->[org.jitsi.react:jitsi-meet-sdk:2.11.0] AndroidManifest.xml:24:5-26:36
39        android:name="android.hardware.camera"
39-->[org.jitsi.react:jitsi-meet-sdk:2.11.0] AndroidManifest.xml:25:9-47
40        android:required="false" />
40-->[org.jitsi.react:jitsi-meet-sdk:2.11.0] AndroidManifest.xml:26:9-33
41    <uses-feature
41-->[org.jitsi.react:jitsi-meet-sdk:2.11.0] AndroidManifest.xml:27:5-29:36
42        android:name="android.hardware.camera.autofocus"
42-->[org.jitsi.react:jitsi-meet-sdk:2.11.0] AndroidManifest.xml:28:9-57
43        android:required="false" />
43-->[org.jitsi.react:jitsi-meet-sdk:2.11.0] AndroidManifest.xml:29:9-33
44
45    <queries>
45-->[com.google.android.gms:play-services-maps:18.0.2] AndroidManifest.xml:30:5-34:15
46
47        <!-- Needs to be explicitly declared on Android R+ -->
48        <package android:name="com.google.android.apps.maps" />
48-->[com.google.android.gms:play-services-maps:18.0.2] AndroidManifest.xml:33:9-64
48-->[com.google.android.gms:play-services-maps:18.0.2] AndroidManifest.xml:33:18-61
49    </queries> <!-- Required by older versions of Google Play services to create IID tokens -->
50    <uses-permission android:name="com.google.android.c2dm.permission.RECEIVE" />
50-->[com.google.firebase:firebase-messaging:23.0.2] AndroidManifest.xml:28:5-82
50-->[com.google.firebase:firebase-messaging:23.0.2] AndroidManifest.xml:28:22-79
51    <uses-permission android:name="com.google.android.finsky.permission.BIND_GET_INSTALL_REFERRER_SERVICE" /> <!-- Include required permissions for Advertising Id -->
51-->[com.google.android.gms:play-services-measurement:20.1.0] AndroidManifest.xml:26:5-110
51-->[com.google.android.gms:play-services-measurement:20.1.0] AndroidManifest.xml:26:22-107
52    <uses-permission android:name="com.google.android.gms.permission.AD_ID" />
52-->[com.google.android.gms:play-services-ads-identifier:18.0.0] AndroidManifest.xml:23:5-79
52-->[com.google.android.gms:play-services-ads-identifier:18.0.0] AndroidManifest.xml:23:22-76
53
54    <application
54-->src\main\AndroidManifest.xml:21:5-169:19
55        android:allowBackup="true"
55-->src\main\AndroidManifest.xml:22:9-35
56        android:appComponentFactory="androidx.core.app.CoreComponentFactory"
56-->[androidx.core:core:1.7.0] AndroidManifest.xml:24:18-86
57        android:debuggable="true"
58        android:extractNativeLibs="false"
59        android:icon="@mipmap/ic_launcher"
59-->src\main\AndroidManifest.xml:23:9-43
60        android:label="@string/app_name"
60-->src\main\AndroidManifest.xml:24:9-41
61        android:requestLegacyExternalStorage="true"
61-->src\main\AndroidManifest.xml:26:9-52
62        android:roundIcon="@mipmap/ic_launcher"
62-->src\main\AndroidManifest.xml:25:9-48
63        android:supportsRtl="true"
63-->src\main\AndroidManifest.xml:27:9-35
64        android:theme="@style/Theme.Health" >
64-->src\main\AndroidManifest.xml:28:9-44
65        <activity
65-->src\main\AndroidManifest.xml:29:9-31:40
66            android:name="com.kanad.health.ContactPage"
66-->src\main\AndroidManifest.xml:30:13-40
67            android:exported="false" />
67-->src\main\AndroidManifest.xml:31:13-37
68        <activity
68-->src\main\AndroidManifest.xml:32:9-34:40
69            android:name="com.kanad.health.RemotePatientMonitoring"
69-->src\main\AndroidManifest.xml:33:13-52
70            android:exported="false" />
70-->src\main\AndroidManifest.xml:34:13-37
71        <activity
71-->src\main\AndroidManifest.xml:35:9-37:40
72            android:name="com.kanad.health.RegularPatientProfile"
72-->src\main\AndroidManifest.xml:36:13-50
73            android:exported="false" />
73-->src\main\AndroidManifest.xml:37:13-37
74        <activity
74-->src\main\AndroidManifest.xml:38:9-40:40
75            android:name="com.kanad.health.MyPatient"
75-->src\main\AndroidManifest.xml:39:13-38
76            android:exported="false" />
76-->src\main\AndroidManifest.xml:40:13-37
77        <activity
77-->src\main\AndroidManifest.xml:41:9-43:40
78            android:name="com.kanad.health.RegularPatient"
78-->src\main\AndroidManifest.xml:42:13-43
79            android:exported="false" />
79-->src\main\AndroidManifest.xml:43:13-37
80        <activity
80-->src\main\AndroidManifest.xml:44:9-46:40
81            android:name="com.kanad.health.MyDoctor"
81-->src\main\AndroidManifest.xml:45:13-37
82            android:exported="false" />
82-->src\main\AndroidManifest.xml:46:13-37
83        <activity
83-->src\main\AndroidManifest.xml:47:9-49:40
84            android:name="com.kanad.health.PreviousDoctors"
84-->src\main\AndroidManifest.xml:48:13-44
85            android:exported="false" />
85-->src\main\AndroidManifest.xml:49:13-37
86        <activity
86-->src\main\AndroidManifest.xml:50:9-52:40
87            android:name="com.kanad.health.ReadSensorData"
87-->src\main\AndroidManifest.xml:51:13-43
88            android:exported="false" />
88-->src\main\AndroidManifest.xml:52:13-37
89        <activity
89-->src\main\AndroidManifest.xml:53:9-55:40
90            android:name="com.kanad.health.SendActivity"
90-->src\main\AndroidManifest.xml:54:13-41
91            android:exported="false" />
91-->src\main\AndroidManifest.xml:55:13-37
92        <!--
93             TODO: Before you run your application, you need a Google Maps API key.
94
95             To get one, follow the directions here:
96
97                https://developers.google.com/maps/documentation/android-sdk/get-api-key
98
99             Once you have your API key (it starts with "AIza"), define a new property in your
100             project's local.properties file (e.g. MAPS_API_KEY=Aiza...), and replace the
101             "YOUR_API_KEY" string in this file with "${MAPS_API_KEY}".
102        -->
103        <meta-data
103-->src\main\AndroidManifest.xml:67:9-69:44
104            android:name="com.google.android.geo.API_KEY"
104-->src\main\AndroidManifest.xml:68:13-58
105            android:value="YOUR_API_KEY" />
105-->src\main\AndroidManifest.xml:69:13-41
106
107        <activity
107-->src\main\AndroidManifest.xml:71:9-73:40
108            android:name="com.kanad.health.CovidTracker"
108-->src\main\AndroidManifest.xml:72:13-41
109            android:exported="false" />
109-->src\main\AndroidManifest.xml:73:13-37
110        <activity
110-->src\main\AndroidManifest.xml:74:9-76:40
111            android:name="com.kanad.health.DownloadPrescription"
111-->src\main\AndroidManifest.xml:75:13-49
112            android:exported="false" />
112-->src\main\AndroidManifest.xml:76:13-37
113        <activity
113-->src\main\AndroidManifest.xml:77:9-79:40
114            android:name="com.kanad.health.MainActivity"
114-->src\main\AndroidManifest.xml:78:13-41
115            android:exported="false" />
115-->src\main\AndroidManifest.xml:79:13-37
116        <activity
116-->src\main\AndroidManifest.xml:80:9-88:20
117            android:name="com.kanad.health.SplashScreen"
117-->src\main\AndroidManifest.xml:81:13-41
118            android:exported="true" >
118-->src\main\AndroidManifest.xml:82:13-36
119            <intent-filter>
119-->src\main\AndroidManifest.xml:83:13-87:29
120                <action android:name="android.intent.action.MAIN" />
120-->src\main\AndroidManifest.xml:84:17-69
120-->src\main\AndroidManifest.xml:84:25-66
121
122                <category android:name="android.intent.category.LAUNCHER" />
122-->src\main\AndroidManifest.xml:86:17-77
122-->src\main\AndroidManifest.xml:86:27-74
123            </intent-filter>
124        </activity>
125        <activity
125-->src\main\AndroidManifest.xml:89:9-91:40
126            android:name="com.kanad.health.GovSchemes"
126-->src\main\AndroidManifest.xml:90:13-39
127            android:exported="false" />
127-->src\main\AndroidManifest.xml:91:13-37
128        <activity
128-->src\main\AndroidManifest.xml:92:9-94:40
129            android:name="com.kanad.health.Prescription"
129-->src\main\AndroidManifest.xml:93:13-41
130            android:exported="false" />
130-->src\main\AndroidManifest.xml:94:13-37
131        <activity
131-->src\main\AndroidManifest.xml:95:9-97:40
132            android:name="com.kanad.health.GiveMedicine"
132-->src\main\AndroidManifest.xml:96:13-41
133            android:exported="false" />
133-->src\main\AndroidManifest.xml:97:13-37
134        <activity
134-->src\main\AndroidManifest.xml:98:9-101:34
135            android:name="com.kanad.health.VideoCallActivity"
135-->src\main\AndroidManifest.xml:99:13-46
136            android:exported="true" />
136-->src\main\AndroidManifest.xml:100:13-36
137        <activity
137-->src\main\AndroidManifest.xml:102:9-104:40
138            android:name="com.kanad.health.BookedSLots"
138-->src\main\AndroidManifest.xml:103:13-40
139            android:exported="false" />
139-->src\main\AndroidManifest.xml:104:13-37
140        <activity
140-->src\main\AndroidManifest.xml:105:9-107:40
141            android:name="com.kanad.health.BookASlot"
141-->src\main\AndroidManifest.xml:106:13-38
142            android:exported="false" />
142-->src\main\AndroidManifest.xml:107:13-37
143        <activity
143-->src\main\AndroidManifest.xml:108:9-110:40
144            android:name="com.kanad.health.DoctorProfileShow"
144-->src\main\AndroidManifest.xml:109:13-46
145            android:exported="false" />
145-->src\main\AndroidManifest.xml:110:13-37
146        <activity
146-->src\main\AndroidManifest.xml:111:9-113:40
147            android:name="com.kanad.health.DoctorShow"
147-->src\main\AndroidManifest.xml:112:13-39
148            android:exported="false" />
148-->src\main\AndroidManifest.xml:113:13-37
149        <activity
149-->src\main\AndroidManifest.xml:114:9-116:40
150            android:name="com.kanad.health.SentForReview"
150-->src\main\AndroidManifest.xml:115:13-42
151            android:exported="false" />
151-->src\main\AndroidManifest.xml:116:13-37
152        <activity
152-->src\main\AndroidManifest.xml:117:9-119:40
153            android:name="com.kanad.health.DoctorFillForm6"
153-->src\main\AndroidManifest.xml:118:13-44
154            android:exported="false" />
154-->src\main\AndroidManifest.xml:119:13-37
155        <activity
155-->src\main\AndroidManifest.xml:120:9-122:39
156            android:name="com.kanad.health.DoctorFillForm5"
156-->src\main\AndroidManifest.xml:121:13-44
157            android:exported="true" />
157-->src\main\AndroidManifest.xml:122:13-36
158        <activity
158-->src\main\AndroidManifest.xml:123:9-125:39
159            android:name="com.kanad.health.DoctorFillForm4"
159-->src\main\AndroidManifest.xml:124:13-44
160            android:exported="true" />
160-->src\main\AndroidManifest.xml:125:13-36
161        <activity
161-->src\main\AndroidManifest.xml:126:9-128:39
162            android:name="com.kanad.health.DoctorFillForm3"
162-->src\main\AndroidManifest.xml:127:13-44
163            android:exported="true" />
163-->src\main\AndroidManifest.xml:128:13-36
164        <activity
164-->src\main\AndroidManifest.xml:129:9-131:39
165            android:name="com.kanad.health.DoctorFillForm2"
165-->src\main\AndroidManifest.xml:130:13-44
166            android:exported="true" />
166-->src\main\AndroidManifest.xml:131:13-36
167        <activity
167-->src\main\AndroidManifest.xml:132:9-134:39
168            android:name="com.kanad.health.DoctorFillForm"
168-->src\main\AndroidManifest.xml:133:13-43
169            android:exported="true" />
169-->src\main\AndroidManifest.xml:134:13-36
170        <activity
170-->src\main\AndroidManifest.xml:135:9-137:39
171            android:name="com.kanad.health.DiseaseReport"
171-->src\main\AndroidManifest.xml:136:13-42
172            android:exported="true" />
172-->src\main\AndroidManifest.xml:137:13-36
173        <activity
173-->src\main\AndroidManifest.xml:138:9-140:39
174            android:name="com.kanad.health.CheckDisease"
174-->src\main\AndroidManifest.xml:139:13-41
175            android:exported="true" />
175-->src\main\AndroidManifest.xml:140:13-36
176        <activity
176-->src\main\AndroidManifest.xml:141:9-143:39
177            android:name="com.kanad.health.ProfileActivity"
177-->src\main\AndroidManifest.xml:142:13-44
178            android:exported="true" />
178-->src\main\AndroidManifest.xml:143:13-36
179        <activity
179-->src\main\AndroidManifest.xml:144:9-146:39
180            android:name="com.kanad.health.SignupActivity"
180-->src\main\AndroidManifest.xml:145:13-43
181            android:exported="true" />
181-->src\main\AndroidManifest.xml:146:13-36
182        <activity
182-->src\main\AndroidManifest.xml:147:9-149:39
183            android:name="com.kanad.health.LoginActivity"
183-->src\main\AndroidManifest.xml:148:13-42
184            android:exported="true" />
184-->src\main\AndroidManifest.xml:149:13-36
185
186        <service
186-->src\main\AndroidManifest.xml:151:9-154:34
187            android:name="org.jitsi.meet.sdk.ConnectionService"
187-->src\main\AndroidManifest.xml:152:13-64
188            android:exported="true"
188-->src\main\AndroidManifest.xml:153:13-36
189            android:permission="android.permission.BIND_TELECOM_CONNECTION_SERVICE" >
189-->[org.jitsi.react:jitsi-meet-sdk:2.11.0] AndroidManifest.xml:46:13-84
190            <intent-filter>
190-->[org.jitsi.react:jitsi-meet-sdk:2.11.0] AndroidManifest.xml:47:13-49:29
191                <action android:name="android.telecom.ConnectionService" />
191-->[org.jitsi.react:jitsi-meet-sdk:2.11.0] AndroidManifest.xml:48:17-76
191-->[org.jitsi.react:jitsi-meet-sdk:2.11.0] AndroidManifest.xml:48:25-73
192            </intent-filter>
193        </service>
194        <service
194-->src\main\AndroidManifest.xml:155:9-163:19
195            android:name="com.kanad.health.FirebaseMessagingService"
195-->src\main\AndroidManifest.xml:156:13-53
196            android:exported="true"
196-->src\main\AndroidManifest.xml:157:13-36
197            android:permission="TODO" >
197-->src\main\AndroidManifest.xml:158:13-38
198            <intent-filter>
198-->src\main\AndroidManifest.xml:160:13-162:29
199                <action android:name="com.google.firebase.MESSAGING_EVENT" />
199-->src\main\AndroidManifest.xml:161:17-78
199-->src\main\AndroidManifest.xml:161:25-75
200            </intent-filter>
201        </service>
202
203        <activity
203-->src\main\AndroidManifest.xml:165:9-168:48
204            android:name="com.facebook.FacebookActivity"
204-->src\main\AndroidManifest.xml:166:13-57
205            android:configChanges="keyboard|keyboardHidden|screenLayout|screenSize|orientation"
205-->src\main\AndroidManifest.xml:167:13-96
206            android:label="@string/app_name"
206-->src\main\AndroidManifest.xml:168:13-45
207            android:theme="@style/com_facebook_activity_theme" />
207-->[com.facebook.android:facebook-common:13.1.0] AndroidManifest.xml:33:13-63
208        <activity
208-->[com.karumi:dexter:5.0.0] AndroidManifest.xml:27:9-29:72
209            android:name="com.karumi.dexter.DexterActivity"
209-->[com.karumi:dexter:5.0.0] AndroidManifest.xml:28:13-60
210            android:theme="@style/Dexter.Internal.Theme.Transparent" />
210-->[com.karumi:dexter:5.0.0] AndroidManifest.xml:29:13-69
211        <activity
211-->[org.jitsi.react:jitsi-meet-sdk:2.11.0] AndroidManifest.xml:35:9-41:58
212            android:name="org.jitsi.meet.sdk.JitsiMeetActivity"
212-->[org.jitsi.react:jitsi-meet-sdk:2.11.0] AndroidManifest.xml:36:13-64
213            android:configChanges="keyboard|keyboardHidden|orientation|screenLayout|screenSize|smallestScreenSize"
213-->[org.jitsi.react:jitsi-meet-sdk:2.11.0] AndroidManifest.xml:37:13-115
214            android:launchMode="singleTask"
214-->[org.jitsi.react:jitsi-meet-sdk:2.11.0] AndroidManifest.xml:38:13-44
215            android:resizeableActivity="true"
215-->[org.jitsi.react:jitsi-meet-sdk:2.11.0] AndroidManifest.xml:39:13-46
216            android:supportsPictureInPicture="true"
216-->[org.jitsi.react:jitsi-meet-sdk:2.11.0] AndroidManifest.xml:40:13-52
217            android:windowSoftInputMode="adjustResize" />
217-->[org.jitsi.react:jitsi-meet-sdk:2.11.0] AndroidManifest.xml:41:13-55
218        <activity android:name="com.facebook.react.devsupport.DevSettingsActivity" />
218-->[org.jitsi.react:jitsi-meet-sdk:2.11.0] AndroidManifest.xml:42:9-86
218-->[org.jitsi.react:jitsi-meet-sdk:2.11.0] AndroidManifest.xml:42:19-83
219
220        <service
220-->[org.jitsi.react:jitsi-meet-sdk:2.11.0] AndroidManifest.xml:51:9-53:63
221            android:name="org.jitsi.meet.sdk.JitsiMeetOngoingConferenceService"
221-->[org.jitsi.react:jitsi-meet-sdk:2.11.0] AndroidManifest.xml:52:13-80
222            android:foregroundServiceType="mediaProjection" />
222-->[org.jitsi.react:jitsi-meet-sdk:2.11.0] AndroidManifest.xml:53:13-60
223
224        <activity android:name="com.facebook.CustomTabMainActivity" />
224-->[com.facebook.android:facebook-common:13.1.0] AndroidManifest.xml:34:9-71
224-->[com.facebook.android:facebook-common:13.1.0] AndroidManifest.xml:34:19-68
225        <activity
225-->[com.facebook.android:facebook-common:13.1.0] AndroidManifest.xml:35:9-49:20
226            android:name="com.facebook.CustomTabActivity"
226-->[com.facebook.android:facebook-common:13.1.0] AndroidManifest.xml:36:13-58
227            android:exported="true" >
227-->[com.facebook.android:facebook-common:13.1.0] AndroidManifest.xml:37:13-36
228            <intent-filter>
228-->[com.facebook.android:facebook-common:13.1.0] AndroidManifest.xml:39:13-48:29
229                <action android:name="android.intent.action.VIEW" />
229-->[com.facebook.android:facebook-common:13.1.0] AndroidManifest.xml:40:17-69
229-->[com.facebook.android:facebook-common:13.1.0] AndroidManifest.xml:40:25-66
230
231                <category android:name="android.intent.category.DEFAULT" />
231-->[com.facebook.android:facebook-common:13.1.0] AndroidManifest.xml:42:17-76
231-->[com.facebook.android:facebook-common:13.1.0] AndroidManifest.xml:42:27-73
232                <category android:name="android.intent.category.BROWSABLE" />
232-->[com.facebook.android:facebook-common:13.1.0] AndroidManifest.xml:43:17-78
232-->[com.facebook.android:facebook-common:13.1.0] AndroidManifest.xml:43:27-75
233
234                <data
234-->[com.facebook.android:facebook-common:13.1.0] AndroidManifest.xml:45:17-47:50
235                    android:host="cct.com.kanad.health"
235-->[com.facebook.android:facebook-common:13.1.0] AndroidManifest.xml:46:21-56
236                    android:scheme="fbconnect" />
236-->[com.facebook.android:facebook-common:13.1.0] AndroidManifest.xml:47:21-47
237            </intent-filter>
238        </activity>
239
240        <provider
240-->[com.facebook.react:react-native-webview:10.9.0-jitsi-5932602] AndroidManifest.xml:12:9-20:20
241            android:name="com.reactnativecommunity.webview.RNCWebViewFileProvider"
241-->[com.facebook.react:react-native-webview:10.9.0-jitsi-5932602] AndroidManifest.xml:13:13-83
242            android:authorities="com.kanad.health.fileprovider"
242-->[com.facebook.react:react-native-webview:10.9.0-jitsi-5932602] AndroidManifest.xml:14:13-64
243            android:exported="false"
243-->[com.facebook.react:react-native-webview:10.9.0-jitsi-5932602] AndroidManifest.xml:15:13-37
244            android:grantUriPermissions="true" >
244-->[com.facebook.react:react-native-webview:10.9.0-jitsi-5932602] AndroidManifest.xml:16:13-47
245            <meta-data
245-->[com.facebook.react:react-native-webview:10.9.0-jitsi-5932602] AndroidManifest.xml:17:13-19:63
246                android:name="android.support.FILE_PROVIDER_PATHS"
246-->[com.facebook.react:react-native-webview:10.9.0-jitsi-5932602] AndroidManifest.xml:18:17-67
247                android:resource="@xml/file_provider_paths" />
247-->[com.facebook.react:react-native-webview:10.9.0-jitsi-5932602] AndroidManifest.xml:19:17-60
248        </provider>
249
250        <activity
250-->[com.google.firebase:firebase-auth:21.0.1] AndroidManifest.xml:27:9-44:20
251            android:name="com.google.firebase.auth.internal.GenericIdpActivity"
251-->[com.google.firebase:firebase-auth:21.0.1] AndroidManifest.xml:28:13-80
252            android:excludeFromRecents="true"
252-->[com.google.firebase:firebase-auth:21.0.1] AndroidManifest.xml:29:13-46
253            android:exported="true"
253-->[com.google.firebase:firebase-auth:21.0.1] AndroidManifest.xml:30:13-36
254            android:launchMode="singleTask"
254-->[com.google.firebase:firebase-auth:21.0.1] AndroidManifest.xml:31:13-44
255            android:theme="@android:style/Theme.Translucent.NoTitleBar" >
255-->[com.google.firebase:firebase-auth:21.0.1] AndroidManifest.xml:32:13-72
256            <intent-filter>
256-->[com.google.firebase:firebase-auth:21.0.1] AndroidManifest.xml:33:13-43:29
257                <action android:name="android.intent.action.VIEW" />
257-->[com.facebook.android:facebook-common:13.1.0] AndroidManifest.xml:40:17-69
257-->[com.facebook.android:facebook-common:13.1.0] AndroidManifest.xml:40:25-66
258
259                <category android:name="android.intent.category.DEFAULT" />
259-->[com.facebook.android:facebook-common:13.1.0] AndroidManifest.xml:42:17-76
259-->[com.facebook.android:facebook-common:13.1.0] AndroidManifest.xml:42:27-73
260                <category android:name="android.intent.category.BROWSABLE" />
260-->[com.facebook.android:facebook-common:13.1.0] AndroidManifest.xml:43:17-78
260-->[com.facebook.android:facebook-common:13.1.0] AndroidManifest.xml:43:27-75
261
262                <data
262-->[com.facebook.android:facebook-common:13.1.0] AndroidManifest.xml:45:17-47:50
263                    android:host="firebase.auth"
263-->[com.facebook.android:facebook-common:13.1.0] AndroidManifest.xml:46:21-56
264                    android:path="/"
265                    android:scheme="genericidp" />
265-->[com.facebook.android:facebook-common:13.1.0] AndroidManifest.xml:47:21-47
266            </intent-filter>
267        </activity>
268        <activity
268-->[com.google.firebase:firebase-auth:21.0.1] AndroidManifest.xml:45:9-62:20
269            android:name="com.google.firebase.auth.internal.RecaptchaActivity"
269-->[com.google.firebase:firebase-auth:21.0.1] AndroidManifest.xml:46:13-79
270            android:excludeFromRecents="true"
270-->[com.google.firebase:firebase-auth:21.0.1] AndroidManifest.xml:47:13-46
271            android:exported="true"
271-->[com.google.firebase:firebase-auth:21.0.1] AndroidManifest.xml:48:13-36
272            android:launchMode="singleTask"
272-->[com.google.firebase:firebase-auth:21.0.1] AndroidManifest.xml:49:13-44
273            android:theme="@android:style/Theme.Translucent.NoTitleBar" >
273-->[com.google.firebase:firebase-auth:21.0.1] AndroidManifest.xml:50:13-72
274            <intent-filter>
274-->[com.google.firebase:firebase-auth:21.0.1] AndroidManifest.xml:51:13-61:29
275                <action android:name="android.intent.action.VIEW" />
275-->[com.facebook.android:facebook-common:13.1.0] AndroidManifest.xml:40:17-69
275-->[com.facebook.android:facebook-common:13.1.0] AndroidManifest.xml:40:25-66
276
277                <category android:name="android.intent.category.DEFAULT" />
277-->[com.facebook.android:facebook-common:13.1.0] AndroidManifest.xml:42:17-76
277-->[com.facebook.android:facebook-common:13.1.0] AndroidManifest.xml:42:27-73
278                <category android:name="android.intent.category.BROWSABLE" />
278-->[com.facebook.android:facebook-common:13.1.0] AndroidManifest.xml:43:17-78
278-->[com.facebook.android:facebook-common:13.1.0] AndroidManifest.xml:43:27-75
279
280                <data
280-->[com.facebook.android:facebook-common:13.1.0] AndroidManifest.xml:45:17-47:50
281                    android:host="firebase.auth"
281-->[com.facebook.android:facebook-common:13.1.0] AndroidManifest.xml:46:21-56
282                    android:path="/"
283                    android:scheme="recaptcha" />
283-->[com.facebook.android:facebook-common:13.1.0] AndroidManifest.xml:47:21-47
284            </intent-filter>
285        </activity>
286
287        <service
287-->[com.google.firebase:firebase-auth:21.0.1] AndroidManifest.xml:64:9-73:19
288            android:name="com.google.firebase.auth.api.fallback.service.FirebaseAuthFallbackService"
288-->[com.google.firebase:firebase-auth:21.0.1] AndroidManifest.xml:65:13-101
289            android:enabled="true"
289-->[com.google.firebase:firebase-auth:21.0.1] AndroidManifest.xml:66:13-35
290            android:exported="false" >
290-->[com.google.firebase:firebase-auth:21.0.1] AndroidManifest.xml:67:13-37
291            <intent-filter>
291-->[com.google.firebase:firebase-auth:21.0.1] AndroidManifest.xml:68:13-72:29
292                <action android:name="com.google.firebase.auth.api.gms.service.START" />
292-->[com.google.firebase:firebase-auth:21.0.1] AndroidManifest.xml:69:17-89
292-->[com.google.firebase:firebase-auth:21.0.1] AndroidManifest.xml:69:25-86
293